<?xml version="1.0" encoding="UTF-8"?>
<!-- Generated by org.testng.reporters.JUnitReportReporter -->
<testsuite hostname="LAPTOP-Q9NI5B1S" failures="1" tests="20" name="runners.CucumberRunner" time="470.850" errors="2" timestamp="2023-01-07T19:43:51 EST" skipped="0">
  <testcase classname="runners.CucumberRunner" name="runScenario" time="31.223"/>
  <system-out/>
  <testcase classname="runners.CucumberRunner" name="runScenario" time="2.218">
    <error message="element click intercepted: Element &lt;a data-id=&quot;diyProjectsIdeas&quot; class=&quot;ShoppingLinks__link&quot; href=&quot;//www.homedepot.com/c/diy_projects_and_ideas&quot;&gt;...&lt;/a&gt; is not clickable at point (523, 115). Other element would receive the click: &lt;div class=&quot;overlay-close-button overlay-close-button--right&quot;&gt;...&lt;/div&gt;
  (Session info: chrome=108.0.5359.125)
Build info: version: &#039;4.7.0&#039;, revision: &#039;0a5b49d16f&#039;
System info: os.name: &#039;Windows 10&#039;, os.arch: &#039;amd64&#039;, os.version: &#039;10.0&#039;, java.version: &#039;17.0.4.1&#039;
Driver info: org.openqa.selenium.chrome.ChromeDriver
Command: [e0beac781ecefb192ad282019ac8064a, clickElement {id=95e7dfe8-87d0-48d3-bdf2-43445eb40707}]
Capabilities {acceptInsecureCerts: false, browserName: chrome, browserVersion: 108.0.5359.125, chrome: {chromedriverVersion: 108.0.5359.71 (1e0e3868ee06..., userDataDir: C:\Users\davet\AppData\Loca...}, goog:chromeOptions: {debuggerAddress: localhost:62817}, networkConnectionEnabled: false, pageLoadStrategy: normal, platformName: WINDOWS, proxy: Proxy(), se:cdp: ws://localhost:62817/devtoo..., se:cdpVersion: 108.0.5359.125, setWindowRect: true, strictFileInteractability: false, timeouts: {implicit: 0, pageLoad: 300000, script: 30000}, unhandledPromptBehavior: dismiss and notify, webauthn:extension:credBlob: true, webauthn:extension:largeBlob: true, webauthn:virtualAuthenticators: true}
Element: [[ChromeDriver: chrome on WINDOWS (e0beac781ecefb192ad282019ac8064a)] -&gt; xpath: /html//div[@id=&#039;header&#039;]//ul[@class=&#039;ShoppingLinks&#039;]//a[@href=&#039;//www.homedepot.com/c/diy_projects_and_ideas&#039;]]
Session ID: e0beac781ecefb192ad282019ac8064a" type="org.openqa.selenium.ElementClickInterceptedException">
      <![CDATA[org.openqa.selenium.ElementClickInterceptedException: element click intercepted: Element <a data-id="diyProjectsIdeas" class="ShoppingLinks__link" href="//www.homedepot.com/c/diy_projects_and_ideas">...</a> is not clickable at point (523, 115). Other element would receive the click: <div class="overlay-close-button overlay-close-button--right">...</div>
  (Session info: chrome=108.0.5359.125)
Build info: version: '4.7.0', revision: '0a5b49d16f'
System info: os.name: 'Windows 10', os.arch: 'amd64', os.version: '10.0', java.version: '17.0.4.1'
Driver info: org.openqa.selenium.chrome.ChromeDriver
Command: [e0beac781ecefb192ad282019ac8064a, clickElement {id=95e7dfe8-87d0-48d3-bdf2-43445eb40707}]
Capabilities {acceptInsecureCerts: false, browserName: chrome, browserVersion: 108.0.5359.125, chrome: {chromedriverVersion: 108.0.5359.71 (1e0e3868ee06..., userDataDir: C:\Users\davet\AppData\Loca...}, goog:chromeOptions: {debuggerAddress: localhost:62817}, networkConnectionEnabled: false, pageLoadStrategy: normal, platformName: WINDOWS, proxy: Proxy(), se:cdp: ws://localhost:62817/devtoo..., se:cdpVersion: 108.0.5359.125, setWindowRect: true, strictFileInteractability: false, timeouts: {implicit: 0, pageLoad: 300000, script: 30000}, unhandledPromptBehavior: dismiss and notify, webauthn:extension:credBlob: true, webauthn:extension:largeBlob: true, webauthn:virtualAuthenticators: true}
Element: [[ChromeDriver: chrome on WINDOWS (e0beac781ecefb192ad282019ac8064a)] -> xpath: /html//div[@id='header']//ul[@class='ShoppingLinks']//a[@href='//www.homedepot.com/c/diy_projects_and_ideas']]
Session ID: e0beac781ecefb192ad282019ac8064a
at java.base/jdk.internal.reflect.NativeConstructorAccessorImpl.newInstance0(Native Method)
at java.base/jdk.internal.reflect.NativeConstructorAccessorImpl.newInstance(NativeConstructorAccessorImpl.java:77)
at java.base/jdk.internal.reflect.DelegatingConstructorAccessorImpl.newInstance(DelegatingConstructorAccessorImpl.java:45)
at java.base/java.lang.reflect.Constructor.newInstanceWithCaller(Constructor.java:499)
at java.base/java.lang.reflect.Constructor.newInstance(Constructor.java:480)
at org.openqa.selenium.remote.codec.w3c.W3CHttpResponseCodec.createException(W3CHttpResponseCodec.java:200)
at org.openqa.selenium.remote.codec.w3c.W3CHttpResponseCodec.decode(W3CHttpResponseCodec.java:133)
at org.openqa.selenium.remote.codec.w3c.W3CHttpResponseCodec.decode(W3CHttpResponseCodec.java:53)
at org.openqa.selenium.remote.HttpCommandExecutor.execute(HttpCommandExecutor.java:184)
at org.openqa.selenium.remote.service.DriverCommandExecutor.invokeExecute(DriverCommandExecutor.java:167)
at org.openqa.selenium.remote.service.DriverCommandExecutor.execute(DriverCommandExecutor.java:142)
at org.openqa.selenium.remote.RemoteWebDriver.execute(RemoteWebDriver.java:541)
at org.openqa.selenium.remote.RemoteWebElement.execute(RemoteWebElement.java:257)
at org.openqa.selenium.remote.RemoteWebElement.click(RemoteWebElement.java:78)
at jdk.internal.reflect.GeneratedMethodAccessor90.invoke(Unknown Source)
at java.base/jdk.internal.reflect.DelegatingMethodAccessorImpl.invoke(DelegatingMethodAccessorImpl.java:43)
at java.base/java.lang.reflect.Method.invoke(Method.java:568)
at org.openqa.selenium.support.pagefactory.internal.LocatingElementHandler.invoke(LocatingElementHandler.java:52)
at jdk.proxy2/jdk.proxy2.$Proxy30.click(Unknown Source)
at stepdefination.WoodProjectsKitchenCheckboxDefinations.diy_projects_ideas_page_is_open(WoodProjectsKitchenCheckboxDefinations.java:18)
at ✽.DIY Projects & Ideas page is open(file:///C:/Users/davet/eclipse-workspace/thehomedepot/src/test/resources/features/WoodProjectsKitchenCheckbox.feature:4)
]]>
    </error>
  </testcase> <!-- runScenario -->
  <system-out/>
  <testcase classname="runners.CucumberRunner" name="runScenario" time="26.627"/>
  <system-out/>
  <testcase classname="runners.CucumberRunner" name="runScenario" time="15.386"/>
  <system-out/>
  <testcase classname="runners.CucumberRunner" name="runScenario" time="28.793"/>
  <system-out/>
  <testcase classname="runners.CucumberRunner" name="runScenario" time="20.455"/>
  <system-out/>
  <testcase classname="runners.CucumberRunner" name="runScenario" time="25.795"/>
  <system-out/>
  <testcase classname="runners.CucumberRunner" name="runScenario" time="29.662"/>
  <system-out/>
  <testcase classname="runners.CucumberRunner" name="runScenario" time="17.338"/>
  <system-out/>
  <testcase classname="runners.CucumberRunner" name="runScenario" time="19.524"/>
  <system-out/>
  <testcase classname="runners.CucumberRunner" name="runScenario" time="18.509"/>
  <system-out/>
  <testcase classname="runners.CucumberRunner" name="runScenario" time="31.051"/>
  <system-out/>
  <testcase classname="runners.CucumberRunner" name="runScenario" time="17.366"/>
  <system-out/>
  <testcase classname="runners.CucumberRunner" name="runScenario" time="41.554"/>
  <system-out/>
  <testcase classname="runners.CucumberRunner" name="runScenario" time="26.953"/>
  <system-out/>
  <testcase classname="runners.CucumberRunner" name="runScenario" time="30.641">
    <failure message="expected [[Get It Fast: Next-Day Delivery] but found [Get It Fast: Same-Day Delivery]" type="java.lang.AssertionError">
      <![CDATA[java.lang.AssertionError: expected [[Get It Fast: Next-Day Delivery] but found [Get It Fast: Same-Day Delivery]
at org.testng.Assert.fail(Assert.java:110)
at org.testng.Assert.failNotEquals(Assert.java:1413)
at org.testng.Assert.assertEqualsImpl(Assert.java:149)
at org.testng.Assert.assertEquals(Assert.java:131)
at org.testng.Assert.assertEquals(Assert.java:655)
at org.testng.Assert.assertEquals(Assert.java:665)
at stepdefination.NextDayDeliveryDefinations.item_list_should_have_only_delivery_scheduled(NextDayDeliveryDefinations.java:26)
at ✽.Item list should have only delivery scheduled(file:///C:/Users/davet/eclipse-workspace/thehomedepot/src/test/resources/features/NextDayDelivery.feature:8)
]]>
    </failure>
  </testcase> <!-- runScenario -->
  <system-out/>
  <testcase classname="runners.CucumberRunner" name="runScenario" time="1.411">
    <error message="element click intercepted: Element &lt;a data-id=&quot;diyProjectsIdeas&quot; class=&quot;ShoppingLinks__link&quot; href=&quot;//www.homedepot.com/c/diy_projects_and_ideas&quot;&gt;...&lt;/a&gt; is not clickable at point (523, 115). Other element would receive the click: &lt;div class=&quot;overlay-close-button overlay-close-button--right&quot;&gt;...&lt;/div&gt;
  (Session info: chrome=108.0.5359.125)
Build info: version: &#039;4.7.0&#039;, revision: &#039;0a5b49d16f&#039;
System info: os.name: &#039;Windows 10&#039;, os.arch: &#039;amd64&#039;, os.version: &#039;10.0&#039;, java.version: &#039;17.0.4.1&#039;
Driver info: org.openqa.selenium.chrome.ChromeDriver
Command: [e0beac781ecefb192ad282019ac8064a, clickElement {id=95e7dfe8-87d0-48d3-bdf2-43445eb40707}]
Capabilities {acceptInsecureCerts: false, browserName: chrome, browserVersion: 108.0.5359.125, chrome: {chromedriverVersion: 108.0.5359.71 (1e0e3868ee06..., userDataDir: C:\Users\davet\AppData\Loca...}, goog:chromeOptions: {debuggerAddress: localhost:62817}, networkConnectionEnabled: false, pageLoadStrategy: normal, platformName: WINDOWS, proxy: Proxy(), se:cdp: ws://localhost:62817/devtoo..., se:cdpVersion: 108.0.5359.125, setWindowRect: true, strictFileInteractability: false, timeouts: {implicit: 0, pageLoad: 300000, script: 30000}, unhandledPromptBehavior: dismiss and notify, webauthn:extension:credBlob: true, webauthn:extension:largeBlob: true, webauthn:virtualAuthenticators: true}
Element: [[ChromeDriver: chrome on WINDOWS (e0beac781ecefb192ad282019ac8064a)] -&gt; xpath: /html//div[@id=&#039;header&#039;]//ul[@class=&#039;ShoppingLinks&#039;]//a[@href=&#039;//www.homedepot.com/c/diy_projects_and_ideas&#039;]]
Session ID: e0beac781ecefb192ad282019ac8064a" type="org.openqa.selenium.ElementClickInterceptedException">
      <![CDATA[org.openqa.selenium.ElementClickInterceptedException: element click intercepted: Element <a data-id="diyProjectsIdeas" class="ShoppingLinks__link" href="//www.homedepot.com/c/diy_projects_and_ideas">...</a> is not clickable at point (523, 115). Other element would receive the click: <div class="overlay-close-button overlay-close-button--right">...</div>
  (Session info: chrome=108.0.5359.125)
Build info: version: '4.7.0', revision: '0a5b49d16f'
System info: os.name: 'Windows 10', os.arch: 'amd64', os.version: '10.0', java.version: '17.0.4.1'
Driver info: org.openqa.selenium.chrome.ChromeDriver
Command: [e0beac781ecefb192ad282019ac8064a, clickElement {id=95e7dfe8-87d0-48d3-bdf2-43445eb40707}]
Capabilities {acceptInsecureCerts: false, browserName: chrome, browserVersion: 108.0.5359.125, chrome: {chromedriverVersion: 108.0.5359.71 (1e0e3868ee06..., userDataDir: C:\Users\davet\AppData\Loca...}, goog:chromeOptions: {debuggerAddress: localhost:62817}, networkConnectionEnabled: false, pageLoadStrategy: normal, platformName: WINDOWS, proxy: Proxy(), se:cdp: ws://localhost:62817/devtoo..., se:cdpVersion: 108.0.5359.125, setWindowRect: true, strictFileInteractability: false, timeouts: {implicit: 0, pageLoad: 300000, script: 30000}, unhandledPromptBehavior: dismiss and notify, webauthn:extension:credBlob: true, webauthn:extension:largeBlob: true, webauthn:virtualAuthenticators: true}
Element: [[ChromeDriver: chrome on WINDOWS (e0beac781ecefb192ad282019ac8064a)] -> xpath: /html//div[@id='header']//ul[@class='ShoppingLinks']//a[@href='//www.homedepot.com/c/diy_projects_and_ideas']]
Session ID: e0beac781ecefb192ad282019ac8064a
at java.base/jdk.internal.reflect.NativeConstructorAccessorImpl.newInstance0(Native Method)
at java.base/jdk.internal.reflect.NativeConstructorAccessorImpl.newInstance(NativeConstructorAccessorImpl.java:77)
at java.base/jdk.internal.reflect.DelegatingConstructorAccessorImpl.newInstance(DelegatingConstructorAccessorImpl.java:45)
at java.base/java.lang.reflect.Constructor.newInstanceWithCaller(Constructor.java:499)
at java.base/java.lang.reflect.Constructor.newInstance(Constructor.java:480)
at org.openqa.selenium.remote.codec.w3c.W3CHttpResponseCodec.createException(W3CHttpResponseCodec.java:200)
at org.openqa.selenium.remote.codec.w3c.W3CHttpResponseCodec.decode(W3CHttpResponseCodec.java:133)
at org.openqa.selenium.remote.codec.w3c.W3CHttpResponseCodec.decode(W3CHttpResponseCodec.java:53)
at org.openqa.selenium.remote.HttpCommandExecutor.execute(HttpCommandExecutor.java:184)
at org.openqa.selenium.remote.service.DriverCommandExecutor.invokeExecute(DriverCommandExecutor.java:167)
at org.openqa.selenium.remote.service.DriverCommandExecutor.execute(DriverCommandExecutor.java:142)
at org.openqa.selenium.remote.RemoteWebDriver.execute(RemoteWebDriver.java:541)
at org.openqa.selenium.remote.RemoteWebElement.execute(RemoteWebElement.java:257)
at org.openqa.selenium.remote.RemoteWebElement.click(RemoteWebElement.java:78)
at jdk.internal.reflect.GeneratedMethodAccessor90.invoke(Unknown Source)
at java.base/jdk.internal.reflect.DelegatingMethodAccessorImpl.invoke(DelegatingMethodAccessorImpl.java:43)
at java.base/java.lang.reflect.Method.invoke(Method.java:568)
at org.openqa.selenium.support.pagefactory.internal.LocatingElementHandler.invoke(LocatingElementHandler.java:52)
at jdk.proxy2/jdk.proxy2.$Proxy30.click(Unknown Source)
at stepdefination.VideoPlaybackCloseDefination.the_video_player_is_playing_a_video_in_the_diy_projects_ideas_page(VideoPlaybackCloseDefination.java:18)
at ✽.the video player is playing a video in the DIY Projects & Ideas page(file:///C:/Users/davet/eclipse-workspace/thehomedepot/src/test/resources/features/VideoPlaybackClose.feature:3)
]]>
    </error>
  </testcase> <!-- runScenario -->
  <system-out/>
  <testcase classname="runners.CucumberRunner" name="runScenario" time="32.551"/>
  <system-out/>
  <testcase classname="runners.CucumberRunner" name="runScenario" time="18.099"/>
  <system-out/>
  <testcase classname="runners.CucumberRunner" name="runScenario" time="35.694"/>
  <system-out/>
</testsuite> <!-- runners.CucumberRunner -->
